\BOOKMARK [1][-]{section.1}{Introduction to GitHub}{}% 1
\BOOKMARK [2][-]{subsection.1.1}{Overview}{section.1}% 2
\BOOKMARK [2][-]{subsection.1.2}{Why Use GitHub?}{section.1}% 3
\BOOKMARK [1][-]{section.2}{How To Do Specific Things}{}% 4
\BOOKMARK [2][-]{subsection.2.1}{Create An Account}{section.2}% 5
\BOOKMARK [2][-]{subsection.2.2}{Start a Project}{section.2}% 6
\BOOKMARK [3][-]{subsubsection.2.2.1}{Creating a Project Board}{subsection.2.2}% 7
\BOOKMARK [3][-]{subsubsection.2.2.2}{Adding Columns to a Project Board}{subsection.2.2}% 8
\BOOKMARK [2][-]{subsection.2.3}{Add a File}{section.2}% 9
\BOOKMARK [3][-]{subsubsection.2.3.1}{From Your Computer}{subsection.2.3}% 10
\BOOKMARK [3][-]{subsubsection.2.3.2}{From Overleaf}{subsection.2.3}% 11
\BOOKMARK [2][-]{subsection.2.4}{Edit a File}{section.2}% 12
\BOOKMARK [1][-]{section.3}{Collaborators}{}% 13
\BOOKMARK [2][-]{subsection.3.1}{Invite a Collaborator}{section.3}% 14
\BOOKMARK [3][-]{subsubsection.3.1.1}{Being Invited as a Collaborator}{subsection.3.1}% 15
\BOOKMARK [1][-]{section.4}{Issues}{}% 16
\BOOKMARK [2][-]{subsection.4.1}{Creating An Issue}{section.4}% 17
\BOOKMARK [2][-]{subsection.4.2}{Checking For Issues}{section.4}% 18
\BOOKMARK [2][-]{subsection.4.3}{Closing An Issue}{section.4}% 19
\BOOKMARK [2][-]{subsection.4.4}{Labeling Issues}{section.4}% 20
\BOOKMARK [2][-]{subsection.4.5}{Creating Your Own Labels}{section.4}% 21
\BOOKMARK [2][-]{subsection.4.6}{Assigning Issues}{section.4}% 22
\BOOKMARK [1][-]{section.5}{Changes}{}% 23
\BOOKMARK [2][-]{subsection.5.1}{Making Changes}{section.5}% 24
\BOOKMARK [3][-]{subsubsection.5.1.1}{Branches}{subsection.5.1}% 25
\BOOKMARK [3][-]{subsubsection.5.1.2}{Pull Requests}{subsection.5.1}% 26
\BOOKMARK [2][-]{subsection.5.2}{Keeping Track of Changes}{section.5}% 27
\BOOKMARK [3][-]{subsubsection.5.2.1}{Changes To The Repository}{subsection.5.2}% 28
\BOOKMARK [3][-]{subsubsection.5.2.2}{Changes To An Individual File}{subsection.5.2}% 29
\BOOKMARK [1][-]{section.6}{Conclusion}{}% 30
