This is pdfTeX, Version 3.14159265-2.6-1.40.18 (TeX Live 2017) (preloaded format=pdflatex 2017.5.23)  7 JUN 2018 12:19
entering extended mode
 restricted \write18 enabled.
 file:line:error style messages enabled.
 %&-line parsing enabled.
**GitHubMathResearch.tex
(./GitHubMathResearch.tex
LaTeX2e <2017-04-15>
Babel <3.10> and hyphenation patterns for 84 language(s) loaded.
(/usr/local/texlive/2017/texmf-dist/tex/latex/base/article.cls
Document Class: article 2014/09/29 v1.4h Standard LaTeX document class
(/usr/local/texlive/2017/texmf-dist/tex/latex/base/size11.clo
File: size11.clo 2014/09/29 v1.4h Standard LaTeX file (size option)
)
\c@part=\count79
\c@section=\count80
\c@subsection=\count81
\c@subsubsection=\count82
\c@paragraph=\count83
\c@subparagraph=\count84
\c@figure=\count85
\c@table=\count86
\abovecaptionskip=\skip41
\belowcaptionskip=\skip42
\bibindent=\dimen102
)
(/usr/local/texlive/2017/texmf-dist/tex/latex/graphics/graphicx.sty
Package: graphicx 2014/10/28 v1.0g Enhanced LaTeX Graphics (DPC,SPQR)

(/usr/local/texlive/2017/texmf-dist/tex/latex/graphics/keyval.sty
Package: keyval 2014/10/28 v1.15 key=value parser (DPC)
\KV@toks@=\toks14
)
(/usr/local/texlive/2017/texmf-dist/tex/latex/graphics/graphics.sty
Package: graphics 2017/04/14 v1.1b Standard LaTeX Graphics (DPC,SPQR)

(/usr/local/texlive/2017/texmf-dist/tex/latex/graphics/trig.sty
Package: trig 2016/01/03 v1.10 sin cos tan (DPC)
)
(/usr/local/texlive/2017/texmf-dist/tex/latex/graphics-cfg/graphics.cfg
File: graphics.cfg 2016/06/04 v1.11 sample graphics configuration
)
Package graphics Info: Driver file: pdftex.def on input line 99.

(/usr/local/texlive/2017/texmf-dist/tex/latex/graphics-def/pdftex.def
File: pdftex.def 2017/01/12 v0.06k Graphics/color for pdfTeX

(/usr/local/texlive/2017/texmf-dist/tex/generic/oberdiek/infwarerr.sty
Package: infwarerr 2016/05/16 v1.4 Providing info/warning/error messages (HO)
)
(/usr/local/texlive/2017/texmf-dist/tex/generic/oberdiek/ltxcmds.sty
Package: ltxcmds 2016/05/16 v1.23 LaTeX kernel commands for general use (HO)
)
\Gread@gobject=\count87
))
\Gin@req@height=\dimen103
\Gin@req@width=\dimen104
)
(/usr/local/texlive/2017/texmf-dist/tex/latex/url/url.sty
\Urlmuskip=\muskip10
Package: url 2013/09/16  ver 3.4  Verb mode for urls, etc.
)
(./GitHubMathResearch.aux)
\openout1 = `GitHubMathResearch.aux'.

LaTeX Font Info:    Checking defaults for OML/cmm/m/it on input line 9.
LaTeX Font Info:    ... okay on input line 9.
LaTeX Font Info:    Checking defaults for T1/cmr/m/n on input line 9.
LaTeX Font Info:    ... okay on input line 9.
LaTeX Font Info:    Checking defaults for OT1/cmr/m/n on input line 9.
LaTeX Font Info:    ... okay on input line 9.
LaTeX Font Info:    Checking defaults for OMS/cmsy/m/n on input line 9.
LaTeX Font Info:    ... okay on input line 9.
LaTeX Font Info:    Checking defaults for OMX/cmex/m/n on input line 9.
LaTeX Font Info:    ... okay on input line 9.
LaTeX Font Info:    Checking defaults for U/cmr/m/n on input line 9.
LaTeX Font Info:    ... okay on input line 9.

(/usr/local/texlive/2017/texmf-dist/tex/context/base/mkii/supp-pdf.mkii
[Loading MPS to PDF converter (version 2006.09.02).]
\scratchcounter=\count88
\scratchdimen=\dimen105
\scratchbox=\box26
\nofMPsegments=\count89
\nofMParguments=\count90
\everyMPshowfont=\toks15
\MPscratchCnt=\count91
\MPscratchDim=\dimen106
\MPnumerator=\count92
\makeMPintoPDFobject=\count93
\everyMPtoPDFconversion=\toks16
) (/usr/local/texlive/2017/texmf-dist/tex/generic/oberdiek/pdftexcmds.sty
Package: pdftexcmds 2017/03/19 v0.25 Utility functions of pdfTeX for LuaTeX (HO
)

(/usr/local/texlive/2017/texmf-dist/tex/generic/oberdiek/ifluatex.sty
Package: ifluatex 2016/05/16 v1.4 Provides the ifluatex switch (HO)
Package ifluatex Info: LuaTeX not detected.
)
(/usr/local/texlive/2017/texmf-dist/tex/generic/oberdiek/ifpdf.sty
Package: ifpdf 2017/03/15 v3.2 Provides the ifpdf switch
)
Package pdftexcmds Info: LuaTeX not detected.
Package pdftexcmds Info: \pdf@primitive is available.
Package pdftexcmds Info: \pdf@ifprimitive is available.
Package pdftexcmds Info: \pdfdraftmode found.
)
(/usr/local/texlive/2017/texmf-dist/tex/latex/oberdiek/epstopdf-base.sty
Package: epstopdf-base 2016/05/15 v2.6 Base part for package epstopdf

(/usr/local/texlive/2017/texmf-dist/tex/latex/oberdiek/grfext.sty
Package: grfext 2016/05/16 v1.2 Manage graphics extensions (HO)

(/usr/local/texlive/2017/texmf-dist/tex/generic/oberdiek/kvdefinekeys.sty
Package: kvdefinekeys 2016/05/16 v1.4 Define keys (HO)
))
(/usr/local/texlive/2017/texmf-dist/tex/latex/oberdiek/kvoptions.sty
Package: kvoptions 2016/05/16 v3.12 Key value format for package options (HO)

(/usr/local/texlive/2017/texmf-dist/tex/generic/oberdiek/kvsetkeys.sty
Package: kvsetkeys 2016/05/16 v1.17 Key value parser (HO)

(/usr/local/texlive/2017/texmf-dist/tex/generic/oberdiek/etexcmds.sty
Package: etexcmds 2016/05/16 v1.6 Avoid name clashes with e-TeX commands (HO)
Package etexcmds Info: Could not find \expanded.
(etexcmds)             That can mean that you are not using pdfTeX 1.50 or
(etexcmds)             that some package has redefined \expanded.
(etexcmds)             In the latter case, load this package earlier.
)))
Package epstopdf-base Info: Redefining graphics rule for `.eps' on input line 4
38.
Package grfext Info: Graphics extension search list:
(grfext)             [.png,.pdf,.jpg,.mps,.jpeg,.jbig2,.jb2,.PNG,.PDF,.JPG,.JPE
G,.JBIG2,.JB2,.eps]
(grfext)             \AppendGraphicsExtensions on input line 456.

(/usr/local/texlive/2017/texmf-dist/tex/latex/latexconfig/epstopdf-sys.cfg
File: epstopdf-sys.cfg 2010/07/13 v1.3 Configuration of (r)epstopdf for TeX Liv
e
))
LaTeX Font Info:    External font `cmex10' loaded for size
(Font)              <12> on input line 11.
LaTeX Font Info:    External font `cmex10' loaded for size
(Font)              <8> on input line 11.
LaTeX Font Info:    External font `cmex10' loaded for size
(Font)              <6> on input line 11.

<UploadFilesbutton.png, id=1, 92.345pt x 28.105pt>
File: UploadFilesbutton.png Graphic file (type png)
 <use UploadFilesbutton.png>
Package pdftex.def Info: UploadFilesbutton.png used on input line 31.
(pdftex.def)             Requested size: 36.135pt x 10.99734pt.
LaTeX Font Info:    External font `cmex10' loaded for size
(Font)              <10.95> on input line 39.

[1

{/usr/local/texlive/2017/texmf-var/fonts/map/pdftex/updmap/pdftex.map} <./Uploa
dFilesbutton.png>]

LaTeX Warning: Citation `github-issues' on page 2 undefined on input line 45.


Underfull \hbox (badness 10000) in paragraph at lines 45--46

 []

<PlusMenu.png, id=15, 40.15pt x 32.12pt>
File: PlusMenu.png Graphic file (type png)
 <use PlusMenu.png>
Package pdftex.def Info: PlusMenu.png used on input line 56.
(pdftex.def)             Requested size: 40.14989pt x 32.1199pt.

Underfull \hbox (badness 10000) in paragraph at lines 56--57

 []

<NewIssueMenu.png, id=16, 573.14125pt x 670.505pt>
File: NewIssueMenu.png Graphic file (type png)
 <use NewIssueMenu.png>
Package pdftex.def Info: NewIssueMenu.png used on input line 59.
(pdftex.def)             Requested size: 180.0pt x 210.57587pt.

[2 <./PlusMenu.png>] <IssuesLink.png, id=22, 117.43875pt x 46.1725pt>
File: IssuesLink.png Graphic file (type png)

<use IssuesLink.png>
Package pdftex.def Info: IssuesLink.png used on input line 62.
(pdftex.def)             Requested size: 54.2025pt x 21.31004pt.
 <NewIssueButton.png, id=23, 97.36375pt x 39.14626pt>
File: NewIssueButton.png Graphic file (type png)

<use NewIssueButton.png>
Package pdftex.def Info: NewIssueButton.png used on input line 62.
(pdftex.def)             Requested size: 54.2025pt x 21.79272pt.
 <SubmitNewIssue.png, id=24, 149.55875pt x 50.1875pt>
File: SubmitNewIssue.png Graphic file (type png)

<use SubmitNewIssue.png>
Package pdftex.def Info: SubmitNewIssue.png used on input line 66.
(pdftex.def)             Requested size: 54.2025pt x 18.18848pt.
 <CreatingAnIssue.png, id=25, 1108.14pt x 468.75125pt>
File: CreatingAnIssue.png Graphic file (type png)

<use CreatingAnIssue.png>
Package pdftex.def Info: CreatingAnIssue.png used on input line 69.
(pdftex.def)             Requested size: 360.0pt x 152.27797pt.
File: IssuesLink.png Graphic file (type png)
 <use IssuesLink.png>
Package pdftex.def Info: IssuesLink.png used on input line 74.
(pdftex.def)             Requested size: 54.2025pt x 21.31004pt.
 [3 <./NewIssueMenu.png> <./IssuesLink.png> <./NewIssueButton.png> <./SubmitNew
Issue.png> <./CreatingAnIssue.png>] <MarkIssueClosed.png, id=34, 625.33624pt x 
226.8475pt>
File: MarkIssueClosed.png Graphic file (type png)

<use MarkIssueClosed.png>
Package pdftex.def Info: MarkIssueClosed.png used on input line 81.
(pdftex.def)             Requested size: 323.9978pt x 117.53561pt.

<CreatingLabels.png, id=35, 1085.05376pt x 577.15625pt>
File: CreatingLabels.png Graphic file (type png)

<use CreatingLabels.png>
Package pdftex.def Info: CreatingLabels.png used on input line 96.
(pdftex.def)             Requested size: 323.9978pt x 172.33798pt.
 <NewLabelBox.png, id=36, 1047.915pt x 543.02875pt>
File: NewLabelBox.png Graphic file (type png)

<use NewLabelBox.png>
Package pdftex.def Info: NewLabelBox.png used on input line 101.
(pdftex.def)             Requested size: 323.9978pt x 167.88972pt.
 [4 <./MarkIssueClosed.png>] [5 <./CreatingLabels.png> <./NewLabelBox.png>] (./
GitHubMathResearch.aux)

LaTeX Warning: There were undefined references.

 ) 
Here is how much of TeX's memory you used:
 1625 strings out of 492995
 23738 string characters out of 6132704
 82341 words of memory out of 5000000
 5171 multiletter control sequences out of 15000+600000
 9325 words of font info for 33 fonts, out of 8000000 for 9000
 1141 hyphenation exceptions out of 8191
 39i,6n,25p,474b,252s stack positions out of 5000i,500n,10000p,200000b,80000s
</usr/local/texlive/2017/texmf-dist/fonts/type1/public/amsfonts/cm/cmbx10.pfb
></usr/local/texlive/2017/texmf-dist/fonts/type1/public/amsfonts/cm/cmbx12.pfb>
</usr/local/texlive/2017/texmf-dist/fonts/type1/public/amsfonts/cm/cmr10.pfb></
usr/local/texlive/2017/texmf-dist/fonts/type1/public/amsfonts/cm/cmr12.pfb></us
r/local/texlive/2017/texmf-dist/fonts/type1/public/amsfonts/cm/cmr17.pfb></usr/
local/texlive/2017/texmf-dist/fonts/type1/public/amsfonts/cm/cmti10.pfb></usr/l
ocal/texlive/2017/texmf-dist/fonts/type1/public/amsfonts/cm/cmtt10.pfb>
Output written on GitHubMathResearch.pdf (5 pages, 584805 bytes).
PDF statistics:
 69 PDF objects out of 1000 (max. 8388607)
 34 compressed objects within 1 object stream
 0 named destinations out of 1000 (max. 500000)
 51 words of extra memory for PDF output out of 10000 (max. 10000000)

